11:44:50.674 [main                     ] DEBUG Logger               - Configured Logger
11:44:50.691 [main                     ] DEBUG GameApplication      - Logging settings
Title: ROBUST
Version: 0.0
Width: 1280
Height: 720
Fullscreen: false
Intro: false
Profiling: false
Single step:false
App Mode: DEVELOPER
Menu Key: ESCAPE
Stage Style: DECORATED
Scene Factory: class com.almasb.fxgl.app.scene.SceneFactory

11:44:50.994 [JavaFX Application Thread] DEBUG FXGLApplication      - Initializing FXGL
11:44:50.997 [JavaFX Application Thread] INFO  Engine               - FXGL-17.3 (30.03.2023 11.49) on LINUX (J:17.0.15 FX:17.0.6)
11:44:50.998 [JavaFX Application Thread] DEBUG Engine               - JRE Vendor Name: Arch Linux
11:44:50.998 [JavaFX Application Thread] DEBUG Engine               - Running on OS: Linux version 6.14.4-arch1-2
11:44:50.998 [JavaFX Application Thread] DEBUG Engine               - Architecture: amd64
11:44:50.998 [JavaFX Application Thread] INFO  Engine               - Source code and latest versions at: https://github.com/AlmasB/FXGL
11:44:50.998 [JavaFX Application Thread] INFO  Engine               -       Ask questions and discuss at: https://github.com/AlmasB/FXGL/discussions
11:44:50.998 [JavaFX Application Thread] INFO  Engine               -              Join the FXGL chat at: https://gitter.im/AlmasB/FXGL
11:44:51.041 [JavaFX Application Thread] DEBUG PrimaryStageWindow   - Creating a JavaFX scene
11:44:51.074 [JavaFX Application Thread] DEBUG PrimaryStageWindow   - Target settings size: 1280.0 x 720.0
11:44:51.074 [JavaFX Application Thread] DEBUG PrimaryStageWindow   - Scaled scene size:    1280.0 x 720.0
11:44:51.074 [JavaFX Application Thread] DEBUG PrimaryStageWindow   - Scaled ratio: (1.0, 1.0)
11:44:51.075 [JavaFX Application Thread] DEBUG PrimaryStageWindow   - Set initial scene to FXGLStartupScene
11:44:51.078 [JavaFX Application Thread] DEBUG PrimaryStageWindow   - Opening main window
11:44:51.103 [JavaFX Application Thread] DEBUG PrimaryStageWindow   - Window border size: (2.0, 29.0)
11:44:51.103 [JavaFX Application Thread] DEBUG PrimaryStageWindow   - Scaled size: 1280.0 x 720.0
11:44:51.104 [JavaFX Application Thread] DEBUG PrimaryStageWindow   - Scaled ratio: (1.0, 1.0)
11:44:51.104 [JavaFX Application Thread] DEBUG PrimaryStageWindow   - Scene size: 1280.0 x 720.0
11:44:51.104 [JavaFX Application Thread] DEBUG PrimaryStageWindow   - Stage size: 1282.0 x 749.0
11:44:51.107 [FXGL Background Thread 1 ] DEBUG Engine               - Initializing environment variables
11:44:51.124 [FXGL Background Thread 1 ] DEBUG FXGLAssetLoaderServi - User app class for loading assets: class com.robustgames.robustclient.application.RobustApplication
11:44:51.124 [FXGL Background Thread 1 ] DEBUG GameApplicationServi - Applying CSS: fxgl_dark.css
11:44:51.124 [FXGL Background Thread 1 ] DEBUG FXGLAssetLoaderServi - Loading from file system: jar:file:///home/ersin/.gradle/caches/modules-2/files-2.1/com.github.almasb/fxgl/17.3/614d2b2607c97fe7b539dfa75036066a8010f74b/fxgl-17.3.jar!/fxglassets/ui/css/fxgl_dark.css
11:44:51.151 [FXGL Background Thread 1 ] DEBUG GameApplicationServi - Initializing application scenes
11:44:51.166 [FXGL Background Thread 1 ] DEBUG GameWorld            - Game world initialized
11:44:51.204 [FXGL Background Thread 1 ] DEBUG PhysicsWorld         - Physics world initialized: appHeight=720, physics.ppm=50,0
11:44:51.205 [FXGL Background Thread 1 ] DEBUG PhysicsWorld         - Using strategy: BRUTE_FORCE
11:44:51.207 [FXGL Background Thread 1 ] DEBUG GameScene            - Game scene initialized: 1280x720
11:44:51.213 [FXGL Background Thread 1 ] DEBUG FXGL.DefaultMenu     - createMenuBodyGameMenu()
11:44:51.219 [FXGL Background Thread 1 ] DEBUG FXGL.DefaultMenu     - createOptionsMenu()
11:44:51.224 [FXGL Background Thread 1 ] DEBUG FXGLAssetLoaderServi - Loading from file system: jar:file:///home/ersin/.gradle/caches/modules-2/files-2.1/com.github.almasb/fxgl/17.3/614d2b2607c97fe7b539dfa75036066a8010f74b/fxgl-17.3.jar!/fxglassets/textures/particles/smoke.png
11:44:51.272 [FXGL Background Thread 1 ] DEBUG FXGLAssetLoaderServi - Loading from file system: jar:file:///home/ersin/.gradle/caches/modules-2/files-2.1/com.github.almasb/fxgl/17.3/614d2b2607c97fe7b539dfa75036066a8010f74b/fxgl-17.3.jar!/fxglassets/textures/particles/trace_horizontal.png
11:44:51.300 [FXGL Background Thread 1 ] DEBUG GameApplicationServi - Application scenes initialized
11:44:51.307 [FXGL Background Thread 1 ] DEBUG SystemBundleService  - Loading FXGL system data
11:44:51.309 [FXGL Background Thread 1 ] WARN  SystemBundleService  - Failed to load: java.io.FileNotFoundException: /home/ersin/Dokumente/robust/robustClient/system/fxgl.bundle (Datei oder Verzeichnis nicht gefunden)
11:44:51.309 [FXGL Background Thread 1 ] DEBUG SystemBundleService  - Loading default FXGL system data
11:44:51.309 [FXGL Background Thread 1 ] DEBUG UpdaterService       - Checking for updates
11:44:51.311 [FXGL Background Thread 4 ] DEBUG FXGLApplication      - Loading fonts
11:44:51.311 [FXGL Background Thread 1 ] DEBUG FXGLApplication      - Loading default localization
11:44:51.311 [FXGL Background Thread 4 ] DEBUG FXGLAssetLoaderServi - Loading from file system: jar:file:///home/ersin/.gradle/caches/modules-2/files-2.1/com.github.almasb/fxgl/17.3/614d2b2607c97fe7b539dfa75036066a8010f74b/fxgl-17.3.jar!/fxglassets/ui/fonts/VarelaRound-Regular.ttf
11:44:51.312 [FXGL Background Thread 1 ] DEBUG FXGLAssetLoaderServi - Loading from file system: jar:file:///home/ersin/.gradle/caches/modules-2/files-2.1/com.github.almasb/fxgl/17.3/614d2b2607c97fe7b539dfa75036066a8010f74b/fxgl-17.3.jar!/fxglassets/languages/english.lang
11:44:51.318 [FXGL Background Thread 1 ] INFO  FXGLApplication      - FXGL initialization took: 0,211 sec
11:44:51.319 [JavaFX Application Thread] DEBUG FXGLAssetLoaderServi - Loading from file system: jar:file:///home/ersin/.gradle/caches/modules-2/files-2.1/com.github.almasb/fxgl/17.3/614d2b2607c97fe7b539dfa75036066a8010f74b/fxgl-17.3.jar!/fxglassets/textures/fxgl_icon.png
11:44:51.323 [FXGL Background Thread 4 ] DEBUG FXGLAssetLoaderServi - Loading from file system: jar:file:///home/ersin/.gradle/caches/modules-2/files-2.1/com.github.almasb/fxgl/17.3/614d2b2607c97fe7b539dfa75036066a8010f74b/fxgl-17.3.jar!/fxglassets/ui/fonts/Abel-Regular.ttf
11:44:51.324 [FXGL Background Thread 4 ] DEBUG FXGLAssetLoaderServi - Loading from file system: jar:file:///home/ersin/.gradle/caches/modules-2/files-2.1/com.github.almasb/fxgl/17.3/614d2b2607c97fe7b539dfa75036066a8010f74b/fxgl-17.3.jar!/fxglassets/ui/fonts/TerminalLandMono-Regular.otf
11:44:51.325 [FXGL Background Thread 4 ] DEBUG FXGLAssetLoaderServi - Loading from file system: jar:file:///home/ersin/.gradle/caches/modules-2/files-2.1/com.github.almasb/fxgl/17.3/614d2b2607c97fe7b539dfa75036066a8010f74b/fxgl-17.3.jar!/fxglassets/ui/fonts/Courier-Prime.ttf
11:44:51.337 [JavaFX Application Thread] DEBUG FXGLAssetLoaderServi - Loading from file system: jar:file:///home/ersin/.gradle/caches/modules-2/files-2.1/com.github.almasb/fxgl/17.3/614d2b2607c97fe7b539dfa75036066a8010f74b/fxgl-17.3.jar!/fxglassets/textures/fxgl_default_cursor.png
11:44:51.343 [JavaFX Application Thread] DEBUG Input                - Registered new binding: Screenshot - CTRL+8
11:44:51.343 [JavaFX Application Thread] DEBUG Input                - Registered new binding: System info dump - CTRL+9
11:44:51.343 [JavaFX Application Thread] DEBUG Input                - Registered new binding: Restart - CTRL+R
11:44:51.344 [JavaFX Application Thread] DEBUG Input                - Registered new binding: Toggle Debug Camera - CTRL+7
11:44:51.345 [JavaFX Application Thread] DEBUG LoopRunner           - Starting loop
11:44:51.345 [JavaFX Application Thread] DEBUG LoopRunner           - Initializing JavaFX AnimationTimerLoop
11:44:51.345 [JavaFX Application Thread] DEBUG GameApplicationServi - Starting new game
11:44:51.346 [JavaFX Application Thread] DEBUG Input                - Clearing active input actions
11:44:51.352 [JavaFX Application Thread] DEBUG GameApplicationServi - Removing overlay from FXGLStartupScene and adding to FXGLLoadingScene
11:44:51.353 [JavaFX Application Thread] DEBUG PrimaryStageWindow   - FXGLStartupScene -> FXGLLoadingScene
11:44:51.353 [JavaFX Application Thread] DEBUG GameApplicationServi - Clearing previous game
11:44:51.353 [JavaFX Application Thread] DEBUG GameScene            - Clearing game scene
11:44:51.353 [JavaFX Application Thread] DEBUG GameWorld            - Clearing game world
11:44:51.353 [JavaFX Application Thread] DEBUG PhysicsWorld         - Clearing physics world
11:44:51.354 [FXGL Background Thread 4 ] DEBUG FXGLApplication      - Initializing game
11:44:51.354 [JavaFX Application Thread] DEBUG FXGLApplication      - Registering font factories with UI factory
11:44:51.365 [FXGL Background Thread 4 ] WARN  FXGLAssetLoaderServi - Asset "/assets/levels/map1.tmx" was not found!
11:44:51.424 [JavaFX Application Thread] DEBUG LoopRunner           - Stopping loop
11:44:51.425 [JavaFX Application Thread] FATAL FXGLApplication      - Uncaught Exception:
java.lang.RuntimeException: Initialization failed
	at com.almasb.fxgl.all@17.3/com.almasb.fxgl.app.FXGLApplication$InitAppTask.failed(FXGLApplication.kt:343)
	at javafx.graphics/javafx.concurrent.Task.setState(Task.java:710)
	at javafx.graphics/javafx.concurrent.Task$TaskCallable.lambda$call$2(Task.java:1456)
	at javafx.graphics/com.sun.javafx.application.PlatformImpl.lambda$runLater$10(PlatformImpl.java:457)
	at java.base/java.security.AccessController.doPrivileged(AccessController.java:399)
	at javafx.graphics/com.sun.javafx.application.PlatformImpl.lambda$runLater$11(PlatformImpl.java:456)
	at javafx.graphics/com.sun.glass.ui.InvokeLaterDispatcher$Future.run(InvokeLaterDispatcher.java:96)
	at javafx.graphics/com.sun.glass.ui.gtk.GtkApplication._runLoop(Native Method)
	at javafx.graphics/com.sun.glass.ui.gtk.GtkApplication.lambda$runLoop$11(GtkApplication.java:290)
	at java.base/java.lang.Thread.run(Thread.java:840)
Caused by: java.lang.IllegalArgumentException: Loading level failed. Asset not found: map1.tmx
	at com.almasb.fxgl.all@17.3/com.almasb.fxgl.app.services.FXGLAssetLoaderService.loadLevel(FXGLAssetLoaderService.kt:427)
	at com.almasb.fxgl.all@17.3/com.almasb.fxgl.dsl.FXGL$Companion.setLevelFromMap(FXGL.kt:634)
	at com.almasb.fxgl.all@17.3/com.almasb.fxgl.dsl.FXGL.setLevelFromMap(FXGL.kt)
	at com.robustgames.robustclient@1.0-SNAPSHOT/com.robustgames.robustclient.application.RobustApplication.initGame(RobustApplication.java:47)
	at com.almasb.fxgl.all@17.3/com.almasb.fxgl.app.FXGLApplication$InitAppTask.initGame(FXGLApplication.kt:339)
	at com.almasb.fxgl.all@17.3/com.almasb.fxgl.app.FXGLApplication$InitAppTask.call(FXGLApplication.kt:319)
	at com.almasb.fxgl.all@17.3/com.almasb.fxgl.app.FXGLApplication$InitAppTask.call(FXGLApplication.kt:311)
	at javafx.graphics/javafx.concurrent.Task$TaskCallable.call(Task.java:1426)
	at java.base/java.util.concurrent.FutureTask.run(FutureTask.java:264)
	at java.base/java.util.concurrent.Executors$RunnableAdapter.call(Executors.java:539)
	at java.base/java.util.concurrent.FutureTask.run(FutureTask.java:264)
	at java.base/java.util.concurrent.ThreadPoolExecutor.runWorker(ThreadPoolExecutor.java:1136)
	at java.base/java.util.concurrent.ThreadPoolExecutor$Worker.run(ThreadPoolExecutor.java:635)
	... 1 more

11:44:51.425 [JavaFX Application Thread] FATAL FXGLApplication      - Application will now exit
11:44:51.436 [JavaFX Application Thread] DEBUG PrimaryStageWindow   - Push state: ErrorSubScene
11:44:51.437 [JavaFX Application Thread] DEBUG Input                - Clearing active input actions
11:44:51.440 [JavaFX Application Thread] DEBUG GameApplicationServi - Removing overlay from FXGLLoadingScene and adding to ErrorSubScene
11:44:51.440 [JavaFX Application Thread] DEBUG PrimaryStageWindow   - FXGLLoadingScene -> ErrorSubScene
11:44:51.566 [FXGL Background Thread 2 ] INFO  UpdaterService       - Your current version:  17.3
11:44:51.566 [FXGL Background Thread 2 ] INFO  UpdaterService       - Latest stable version: 21.1
11:44:54.311 [FXGL Background Thread 3 ] DEBUG Engine               - Logging environment variables
11:44:54.311 [FXGL Background Thread 3 ] DEBUG Engine               - achievements: []
11:44:54.311 [FXGL Background Thread 3 ] DEBUG Engine               - actualHeight: 715.0
11:44:54.311 [FXGL Background Thread 3 ] DEBUG Engine               - actualHeightProperty: ReadOnlyDoubleProperty [value: 715.0]
11:44:54.311 [FXGL Background Thread 3 ] DEBUG Engine               - actualWidth: 1278.0
11:44:54.311 [FXGL Background Thread 3 ] DEBUG Engine               - actualWidthProperty: ReadOnlyDoubleProperty [value: 1278.0]
11:44:54.311 [FXGL Background Thread 3 ] DEBUG Engine               - appIcon: fxgl_icon.png
11:44:54.311 [FXGL Background Thread 3 ] DEBUG Engine               - applicationMode: DEVELOPER
11:44:54.312 [FXGL Background Thread 3 ] DEBUG Engine               - cSSList: [fxgl_dark.css]
11:44:54.312 [FXGL Background Thread 3 ] DEBUG Engine               - collisionDetectionStrategy: BRUTE_FORCE
11:44:54.312 [FXGL Background Thread 3 ] DEBUG Engine               - configClass: Optional.empty
11:44:54.312 [FXGL Background Thread 3 ] DEBUG Engine               - credits: []
11:44:54.312 [FXGL Background Thread 3 ] DEBUG Engine               - defaultCursor: CursorInfo(imageName=fxgl_default_cursor.png, hotspotX=7.0, hotspotY=6.0)
11:44:54.312 [FXGL Background Thread 3 ] DEBUG Engine               - devBBoxColorProperty: ObjectProperty [value: 0xff0000ff]
11:44:54.312 [FXGL Background Thread 3 ] DEBUG Engine               - devEnableDebugCameraProperty: BooleanProperty [value: false]
11:44:54.312 [FXGL Background Thread 3 ] DEBUG Engine               - devSensorColorProperty: ObjectProperty [value: 0xffff00ff]
11:44:54.312 [FXGL Background Thread 3 ] DEBUG Engine               - devShowBBoxProperty: BooleanProperty [value: false]
11:44:54.312 [FXGL Background Thread 3 ] DEBUG Engine               - devShowPositionProperty: BooleanProperty [value: false]
11:44:54.312 [FXGL Background Thread 3 ] DEBUG Engine               - enabledMenuItems: []
11:44:54.313 [FXGL Background Thread 3 ] DEBUG Engine               - engineServices: [class com.almasb.fxgl.app.services.FXGLAssetLoaderService, class com.almasb.fxgl.app.FXGLApplication$GameApplicationService, class com.almasb.fxgl.app.services.FXGLDialogService, class com.almasb.fxgl.app.services.IOTaskExecutorService, class com.almasb.fxgl.io.FileSystemService, class com.almasb.fxgl.localization.LocalizationService, class com.almasb.fxgl.app.services.SystemBundleService, class com.almasb.fxgl.profile.SaveLoadService, class com.almasb.fxgl.ui.FXGLUIFactoryServiceProvider, class com.almasb.fxgl.ui.FXGLDialogFactoryServiceProvider, class com.almasb.fxgl.audio.AudioPlayer, class com.almasb.fxgl.notification.impl.NotificationServiceProvider, class com.almasb.fxgl.achievement.AchievementService, class com.almasb.fxgl.cutscene.CutsceneService, class com.almasb.fxgl.minigames.MiniGameService, class com.almasb.fxgl.net.NetService, class com.almasb.fxgl.app.services.UpdaterService, class com.almasb.fxgl.dev.DevService]
11:44:54.313 [FXGL Background Thread 3 ] DEBUG Engine               - fontGame: Abel-Regular.ttf
11:44:54.313 [FXGL Background Thread 3 ] DEBUG Engine               - fontMono: TerminalLandMono-Regular.otf
11:44:54.313 [FXGL Background Thread 3 ] DEBUG Engine               - fontSizeScaleUI: 1.0
11:44:54.313 [FXGL Background Thread 3 ] DEBUG Engine               - fontText: Courier-Prime.ttf
11:44:54.313 [FXGL Background Thread 3 ] DEBUG Engine               - fontUI: VarelaRound-Regular.ttf
11:44:54.313 [FXGL Background Thread 3 ] DEBUG Engine               - fullScreen: BooleanProperty [value: false]
11:44:54.313 [FXGL Background Thread 3 ] DEBUG Engine               - gameDifficulty: MEDIUM
11:44:54.313 [FXGL Background Thread 3 ] DEBUG Engine               - gameDifficultyProperty: ObjectProperty [value: MEDIUM]
11:44:54.313 [FXGL Background Thread 3 ] DEBUG Engine               - globalMusicVolume: 0.5
11:44:54.313 [FXGL Background Thread 3 ] DEBUG Engine               - globalMusicVolumeProperty: DoubleProperty [value: 0.5]
11:44:54.313 [FXGL Background Thread 3 ] DEBUG Engine               - globalSoundVolume: 0.5
11:44:54.313 [FXGL Background Thread 3 ] DEBUG Engine               - globalSoundVolumeProperty: DoubleProperty [value: 0.5]
11:44:54.313 [FXGL Background Thread 3 ] DEBUG Engine               - height: 720
11:44:54.313 [FXGL Background Thread 3 ] DEBUG Engine               - is3D: false
11:44:54.313 [FXGL Background Thread 3 ] DEBUG Engine               - isAndroid: false
11:44:54.313 [FXGL Background Thread 3 ] DEBUG Engine               - isBrowser: false
11:44:54.313 [FXGL Background Thread 3 ] DEBUG Engine               - isClickFeedbackEnabled: false
11:44:54.313 [FXGL Background Thread 3 ] DEBUG Engine               - isCloseConfirmation: false
11:44:54.314 [FXGL Background Thread 3 ] DEBUG Engine               - isDesktop: true
11:44:54.314 [FXGL Background Thread 3 ] DEBUG Engine               - isDeveloperMenuEnabled: false
11:44:54.314 [FXGL Background Thread 3 ] DEBUG Engine               - isEmbedded: false
11:44:54.314 [FXGL Background Thread 3 ] DEBUG Engine               - isEntityPreloadEnabled: true
11:44:54.314 [FXGL Background Thread 3 ] DEBUG Engine               - isExperimentalTiledLargeMap: false
11:44:54.314 [FXGL Background Thread 3 ] DEBUG Engine               - isFileSystemWriteAllowed: true
11:44:54.314 [FXGL Background Thread 3 ] DEBUG Engine               - isFullScreenAllowed: false
11:44:54.314 [FXGL Background Thread 3 ] DEBUG Engine               - isFullScreenFromStart: false
11:44:54.314 [FXGL Background Thread 3 ] DEBUG Engine               - isGameMenuEnabled: true
11:44:54.314 [FXGL Background Thread 3 ] DEBUG Engine               - isIOS: false
11:44:54.314 [FXGL Background Thread 3 ] DEBUG Engine               - isIntroEnabled: false
11:44:54.314 [FXGL Background Thread 3 ] DEBUG Engine               - isLinux: true
11:44:54.314 [FXGL Background Thread 3 ] DEBUG Engine               - isMac: false
11:44:54.314 [FXGL Background Thread 3 ] DEBUG Engine               - isMainMenuEnabled: false
11:44:54.314 [FXGL Background Thread 3 ] DEBUG Engine               - isManualResizeEnabled: false
11:44:54.314 [FXGL Background Thread 3 ] DEBUG Engine               - isMobile: false
11:44:54.314 [FXGL Background Thread 3 ] DEBUG Engine               - isNative: false
11:44:54.314 [FXGL Background Thread 3 ] DEBUG Engine               - isPauseMusicWhenMinimized: true
11:44:54.314 [FXGL Background Thread 3 ] DEBUG Engine               - isPreserveResizeRatio: false
11:44:54.314 [FXGL Background Thread 3 ] DEBUG Engine               - isProfilingEnabled: false
11:44:54.315 [FXGL Background Thread 3 ] DEBUG Engine               - isScaleAffectedOnResize: true
11:44:54.315 [FXGL Background Thread 3 ] DEBUG Engine               - isSingleStep: false
11:44:54.315 [FXGL Background Thread 3 ] DEBUG Engine               - isUserProfileEnabled: false
11:44:54.315 [FXGL Background Thread 3 ] DEBUG Engine               - isWindows: false
11:44:54.315 [FXGL Background Thread 3 ] DEBUG Engine               - language: ObjectProperty [value: ENGLISH]
11:44:54.315 [FXGL Background Thread 3 ] DEBUG Engine               - menuKey: ESCAPE
11:44:54.315 [FXGL Background Thread 3 ] DEBUG Engine               - mouseSensitivity: 0.2
11:44:54.315 [FXGL Background Thread 3 ] DEBUG Engine               - notificationViewClass: class com.almasb.fxgl.notification.view.XboxNotificationView
11:44:54.315 [FXGL Background Thread 3 ] DEBUG Engine               - pixelsPerMeter: 50.0
11:44:54.315 [FXGL Background Thread 3 ] DEBUG Engine               - platform: LINUX
11:44:54.315 [FXGL Background Thread 3 ] DEBUG Engine               - prefHeightProperty: ReadOnlyDoubleProperty [value: 720.0]
11:44:54.315 [FXGL Background Thread 3 ] DEBUG Engine               - prefWidthProperty: ReadOnlyDoubleProperty [value: 1280.0]
11:44:54.315 [FXGL Background Thread 3 ] DEBUG Engine               - profileDir: profiles/
11:44:54.315 [FXGL Background Thread 3 ] DEBUG Engine               - profileName: StringProperty [value: DEFAULT]
11:44:54.315 [FXGL Background Thread 3 ] DEBUG Engine               - randomSeed: -1
11:44:54.316 [FXGL Background Thread 3 ] DEBUG Engine               - runtimeInfo: RuntimeInfo(platform=LINUX, version=17.3, build=30.03.2023 11.49)
11:44:54.316 [FXGL Background Thread 3 ] DEBUG Engine               - saveFileExt: sav
11:44:54.316 [FXGL Background Thread 3 ] DEBUG Engine               - scaledHeightProp$fxgl: DoubleProperty [bound, value: 715.0]
11:44:54.316 [FXGL Background Thread 3 ] DEBUG Engine               - scaledWidthProp$fxgl: DoubleProperty [bound, value: 1278.0]
11:44:54.316 [FXGL Background Thread 3 ] DEBUG Engine               - sceneFactory: com.almasb.fxgl.app.scene.SceneFactory@6d9e68eb
11:44:54.316 [FXGL Background Thread 3 ] DEBUG Engine               - secondsIn24h: 60
11:44:54.316 [FXGL Background Thread 3 ] DEBUG Engine               - soundMenuBack: menu/back.wav
11:44:54.316 [FXGL Background Thread 3 ] DEBUG Engine               - soundMenuPress: menu/press.wav
11:44:54.316 [FXGL Background Thread 3 ] DEBUG Engine               - soundMenuSelect: menu/select.wav
11:44:54.316 [FXGL Background Thread 3 ] DEBUG Engine               - soundNotification: core/notification.wav
11:44:54.316 [FXGL Background Thread 3 ] DEBUG Engine               - stageStyle: DECORATED
11:44:54.316 [FXGL Background Thread 3 ] DEBUG Engine               - supportedLanguages: [ENGLISH, FRENCH, GERMAN, HUNGARIAN, RUSSIAN]
11:44:54.316 [FXGL Background Thread 3 ] DEBUG Engine               - ticksPerSecond: -1
11:44:54.316 [FXGL Background Thread 3 ] DEBUG Engine               - title: ROBUST
11:44:54.316 [FXGL Background Thread 3 ] DEBUG Engine               - urlGithub: https://github.com/AlmasB/FXGL
11:44:54.316 [FXGL Background Thread 3 ] DEBUG Engine               - urlLeaderboard: http://fxgl-top.herokuapp.com/
11:44:54.316 [FXGL Background Thread 3 ] DEBUG Engine               - urlPOM: https://raw.githubusercontent.com/AlmasB/FXGL/release/README.md
11:44:54.316 [FXGL Background Thread 3 ] DEBUG Engine               - userAppClass: class com.robustgames.robustclient.application.RobustApplication
11:44:54.316 [FXGL Background Thread 3 ] DEBUG Engine               - version: 0.0
11:44:54.316 [FXGL Background Thread 3 ] DEBUG Engine               - versionCheckDays: 7
11:44:54.316 [FXGL Background Thread 3 ] DEBUG Engine               - width: 1280
11:44:54.317 [FXGL Background Thread 3 ] DEBUG Engine               - Logging services
11:44:54.317 [FXGL Background Thread 3 ] DEBUG Engine               - class com.almasb.fxgl.app.services.FXGLAssetLoaderService
11:44:54.317 [FXGL Background Thread 3 ] DEBUG Engine               - class com.almasb.fxgl.app.FXGLApplication$GameApplicationService
11:44:54.317 [FXGL Background Thread 3 ] DEBUG Engine               - class com.almasb.fxgl.app.services.FXGLDialogService
11:44:54.317 [FXGL Background Thread 3 ] DEBUG Engine               - class com.almasb.fxgl.app.services.IOTaskExecutorService
11:44:54.317 [FXGL Background Thread 3 ] DEBUG Engine               - class com.almasb.fxgl.io.FileSystemService
11:44:54.317 [FXGL Background Thread 3 ] DEBUG Engine               - class com.almasb.fxgl.localization.LocalizationService
11:44:54.317 [FXGL Background Thread 3 ] DEBUG Engine               - class com.almasb.fxgl.app.services.SystemBundleService
11:44:54.317 [FXGL Background Thread 3 ] DEBUG Engine               - class com.almasb.fxgl.profile.SaveLoadService
11:44:54.317 [FXGL Background Thread 3 ] DEBUG Engine               - class com.almasb.fxgl.ui.FXGLUIFactoryServiceProvider
11:44:54.317 [FXGL Background Thread 3 ] DEBUG Engine               - class com.almasb.fxgl.ui.FXGLDialogFactoryServiceProvider
11:44:54.317 [FXGL Background Thread 3 ] DEBUG Engine               - class com.almasb.fxgl.audio.AudioPlayer
11:44:54.317 [FXGL Background Thread 3 ] DEBUG Engine               - class com.almasb.fxgl.notification.impl.NotificationServiceProvider
11:44:54.317 [FXGL Background Thread 3 ] DEBUG Engine               - class com.almasb.fxgl.achievement.AchievementService
11:44:54.317 [FXGL Background Thread 3 ] DEBUG Engine               - class com.almasb.fxgl.cutscene.CutsceneService
11:44:54.317 [FXGL Background Thread 3 ] DEBUG Engine               - class com.almasb.fxgl.minigames.MiniGameService
11:44:54.317 [FXGL Background Thread 3 ] DEBUG Engine               - class com.almasb.fxgl.net.NetService
11:44:54.317 [FXGL Background Thread 3 ] DEBUG Engine               - class com.almasb.fxgl.app.services.UpdaterService
11:44:54.317 [FXGL Background Thread 3 ] DEBUG Engine               - class com.almasb.fxgl.dev.DevService
11:45:44.223 [JavaFX Application Thread] DEBUG FXGLApplication      - Exiting FXGL
11:45:44.223 [JavaFX Application Thread] DEBUG Async                - Shutting down background threads
11:45:44.223 [JavaFX Application Thread] DEBUG PrimaryStageWindow   - Closing main window
11:45:44.225 [JavaFX Application Thread] DEBUG Logger               - Closing Logger
