12:39:45.806 [main                     ] DEBUG Logger               - Configured Logger
12:39:45.822 [main                     ] DEBUG GameApplication      - Logging settings
Title: ROBUST
Version: 0.0
Width: 1280
Height: 720
Fullscreen: false
Intro: false
Profiling: false
Single step:false
App Mode: DEVELOPER
Menu Key: ESCAPE
Stage Style: DECORATED
Scene Factory: class com.almasb.fxgl.app.scene.SceneFactory

12:39:46.205 [JavaFX Application Thread] DEBUG FXGLApplication      - Initializing FXGL
12:39:46.212 [JavaFX Application Thread] INFO  Engine               - FXGL-17.3 (30.03.2023 11.49) on LINUX (J:17.0.15 FX:17.0.6)
12:39:46.213 [JavaFX Application Thread] DEBUG Engine               - JRE Vendor Name: Microsoft
12:39:46.213 [JavaFX Application Thread] DEBUG Engine               - Running on OS: Linux version 6.14.4-arch1-2
12:39:46.213 [JavaFX Application Thread] DEBUG Engine               - Architecture: amd64
12:39:46.213 [JavaFX Application Thread] INFO  Engine               - Source code and latest versions at: https://github.com/AlmasB/FXGL
12:39:46.214 [JavaFX Application Thread] INFO  Engine               -       Ask questions and discuss at: https://github.com/AlmasB/FXGL/discussions
12:39:46.214 [JavaFX Application Thread] INFO  Engine               -              Join the FXGL chat at: https://gitter.im/AlmasB/FXGL
12:39:46.272 [JavaFX Application Thread] DEBUG PrimaryStageWindow   - Creating a JavaFX scene
12:39:46.307 [JavaFX Application Thread] DEBUG PrimaryStageWindow   - Target settings size: 1280.0 x 720.0
12:39:46.307 [JavaFX Application Thread] DEBUG PrimaryStageWindow   - Scaled scene size:    1280.0 x 720.0
12:39:46.308 [JavaFX Application Thread] DEBUG PrimaryStageWindow   - Scaled ratio: (1.0, 1.0)
12:39:46.308 [JavaFX Application Thread] DEBUG PrimaryStageWindow   - Set initial scene to FXGLStartupScene
12:39:46.312 [JavaFX Application Thread] DEBUG PrimaryStageWindow   - Opening main window
12:39:46.334 [JavaFX Application Thread] DEBUG PrimaryStageWindow   - Window border size: (2.0, 29.0)
12:39:46.335 [JavaFX Application Thread] DEBUG PrimaryStageWindow   - Scaled size: 1280.0 x 720.0
12:39:46.335 [JavaFX Application Thread] DEBUG PrimaryStageWindow   - Scaled ratio: (1.0, 1.0)
12:39:46.335 [JavaFX Application Thread] DEBUG PrimaryStageWindow   - Scene size: 1280.0 x 720.0
12:39:46.335 [JavaFX Application Thread] DEBUG PrimaryStageWindow   - Stage size: 1282.0 x 749.0
12:39:46.338 [FXGL Background Thread 1 ] DEBUG Engine               - Initializing environment variables
12:39:46.355 [FXGL Background Thread 1 ] DEBUG FXGLAssetLoaderServi - User app class for loading assets: class com.robustgames.robustclient.application.RobustApplication
12:39:46.355 [FXGL Background Thread 1 ] DEBUG GameApplicationServi - Applying CSS: fxgl_dark.css
12:39:46.356 [FXGL Background Thread 1 ] DEBUG FXGLAssetLoaderServi - Loading from file system: jar:file:/home/ersin/.gradle/caches/modules-2/files-2.1/com.github.almasb/fxgl/17.3/614d2b2607c97fe7b539dfa75036066a8010f74b/fxgl-17.3.jar!/fxglassets/ui/css/fxgl_dark.css
12:39:46.385 [FXGL Background Thread 1 ] DEBUG GameApplicationServi - Initializing application scenes
12:39:46.401 [FXGL Background Thread 1 ] DEBUG GameWorld            - Game world initialized
12:39:46.423 [FXGL Background Thread 1 ] DEBUG PhysicsWorld         - Physics world initialized: appHeight=720, physics.ppm=50,0
12:39:46.423 [FXGL Background Thread 1 ] DEBUG PhysicsWorld         - Using strategy: BRUTE_FORCE
12:39:46.432 [FXGL Background Thread 1 ] DEBUG GameScene            - Game scene initialized: 1280x720
12:39:46.440 [FXGL Background Thread 1 ] DEBUG FXGL.DefaultMenu     - createMenuBodyGameMenu()
12:39:46.456 [FXGL Background Thread 1 ] DEBUG FXGL.DefaultMenu     - createOptionsMenu()
12:39:46.464 [FXGL Background Thread 1 ] DEBUG FXGLAssetLoaderServi - Loading from file system: jar:file:/home/ersin/.gradle/caches/modules-2/files-2.1/com.github.almasb/fxgl/17.3/614d2b2607c97fe7b539dfa75036066a8010f74b/fxgl-17.3.jar!/fxglassets/textures/particles/smoke.png
12:39:46.512 [FXGL Background Thread 1 ] DEBUG FXGLAssetLoaderServi - Loading from file system: jar:file:/home/ersin/.gradle/caches/modules-2/files-2.1/com.github.almasb/fxgl/17.3/614d2b2607c97fe7b539dfa75036066a8010f74b/fxgl-17.3.jar!/fxglassets/textures/particles/trace_horizontal.png
12:39:46.538 [FXGL Background Thread 1 ] DEBUG GameApplicationServi - Application scenes initialized
12:39:46.545 [FXGL Background Thread 1 ] DEBUG SystemBundleService  - Loading FXGL system data
12:39:46.547 [FXGL Background Thread 1 ] DEBUG FileSystemAccess     - Reading from: /home/ersin/Dokumente/robust/system/fxgl.bundle
12:39:46.552 [FXGL Background Thread 1 ] DEBUG SystemBundleService  - Bundle FXGL: {}
12:39:46.552 [FXGL Background Thread 1 ] DEBUG UpdaterService       - Checking for updates
12:39:46.555 [FXGL Background Thread 4 ] DEBUG FXGLApplication      - Loading fonts
12:39:46.555 [FXGL Background Thread 1 ] DEBUG FXGLApplication      - Loading default localization
12:39:46.555 [FXGL Background Thread 4 ] DEBUG FXGLAssetLoaderServi - Loading from file system: jar:file:/home/ersin/.gradle/caches/modules-2/files-2.1/com.github.almasb/fxgl/17.3/614d2b2607c97fe7b539dfa75036066a8010f74b/fxgl-17.3.jar!/fxglassets/ui/fonts/VarelaRound-Regular.ttf
12:39:46.555 [FXGL Background Thread 1 ] DEBUG FXGLAssetLoaderServi - Loading from file system: jar:file:/home/ersin/.gradle/caches/modules-2/files-2.1/com.github.almasb/fxgl/17.3/614d2b2607c97fe7b539dfa75036066a8010f74b/fxgl-17.3.jar!/fxglassets/languages/english.lang
12:39:46.561 [FXGL Background Thread 4 ] DEBUG FXGLAssetLoaderServi - Loading from file system: jar:file:/home/ersin/.gradle/caches/modules-2/files-2.1/com.github.almasb/fxgl/17.3/614d2b2607c97fe7b539dfa75036066a8010f74b/fxgl-17.3.jar!/fxglassets/ui/fonts/Abel-Regular.ttf
12:39:46.562 [FXGL Background Thread 4 ] DEBUG FXGLAssetLoaderServi - Loading from file system: jar:file:/home/ersin/.gradle/caches/modules-2/files-2.1/com.github.almasb/fxgl/17.3/614d2b2607c97fe7b539dfa75036066a8010f74b/fxgl-17.3.jar!/fxglassets/ui/fonts/TerminalLandMono-Regular.otf
12:39:46.563 [FXGL Background Thread 4 ] DEBUG FXGLAssetLoaderServi - Loading from file system: jar:file:/home/ersin/.gradle/caches/modules-2/files-2.1/com.github.almasb/fxgl/17.3/614d2b2607c97fe7b539dfa75036066a8010f74b/fxgl-17.3.jar!/fxglassets/ui/fonts/Courier-Prime.ttf
12:39:46.564 [FXGL Background Thread 1 ] INFO  FXGLApplication      - FXGL initialization took: 0,226 sec
12:39:46.565 [JavaFX Application Thread] DEBUG FXGLAssetLoaderServi - Loading from file system: jar:file:/home/ersin/.gradle/caches/modules-2/files-2.1/com.github.almasb/fxgl/17.3/614d2b2607c97fe7b539dfa75036066a8010f74b/fxgl-17.3.jar!/fxglassets/textures/fxgl_icon.png
12:39:46.584 [JavaFX Application Thread] DEBUG FXGLAssetLoaderServi - Loading from file system: jar:file:/home/ersin/.gradle/caches/modules-2/files-2.1/com.github.almasb/fxgl/17.3/614d2b2607c97fe7b539dfa75036066a8010f74b/fxgl-17.3.jar!/fxglassets/textures/fxgl_default_cursor.png
12:39:46.591 [JavaFX Application Thread] DEBUG Input                - Registered new binding: Screenshot - CTRL+8
12:39:46.591 [JavaFX Application Thread] DEBUG Input                - Registered new binding: System info dump - CTRL+9
12:39:46.591 [JavaFX Application Thread] DEBUG Input                - Registered new binding: Restart - CTRL+R
12:39:46.592 [JavaFX Application Thread] DEBUG Input                - Registered new binding: Toggle Debug Camera - CTRL+7
12:39:46.593 [JavaFX Application Thread] DEBUG LoopRunner           - Starting loop
12:39:46.593 [JavaFX Application Thread] DEBUG LoopRunner           - Initializing JavaFX AnimationTimerLoop
12:39:46.594 [JavaFX Application Thread] DEBUG GameApplicationServi - Starting new game
12:39:46.594 [JavaFX Application Thread] DEBUG Input                - Clearing active input actions
12:39:46.609 [JavaFX Application Thread] DEBUG GameApplicationServi - Removing overlay from FXGLStartupScene and adding to FXGLLoadingScene
12:39:46.609 [JavaFX Application Thread] DEBUG PrimaryStageWindow   - FXGLStartupScene -> FXGLLoadingScene
12:39:46.610 [JavaFX Application Thread] DEBUG GameApplicationServi - Clearing previous game
12:39:46.610 [JavaFX Application Thread] DEBUG GameScene            - Clearing game scene
12:39:46.610 [JavaFX Application Thread] DEBUG GameWorld            - Clearing game world
12:39:46.610 [JavaFX Application Thread] DEBUG PhysicsWorld         - Clearing physics world
12:39:46.612 [JavaFX Application Thread] DEBUG FXGLApplication      - Registering font factories with UI factory
12:39:46.611 [FXGL Background Thread 4 ] DEBUG FXGLApplication      - Initializing game
12:39:46.638 [FXGL Background Thread 4 ] WARN  TMXLevelLoader       - TiledMap generated from 1.11.2. Supported version: 1.9.0. Some features may not be parsed fully.
12:39:46.642 [FXGL Background Thread 4 ] WARN  TMXLevelLoader       - Parse error
javax.xml.stream.XMLStreamException: ParseError at [row,col]:[8,46]
Message: elementGetText() function expects text only elment but START_ELEMENT was encountered.
	at java.xml/com.sun.org.apache.xerces.internal.impl.XMLStreamReaderImpl.getElementText(XMLStreamReaderImpl.java:918)
	at java.xml/com.sun.xml.internal.stream.XMLEventReaderImpl.getElementText(XMLEventReaderImpl.java:187)
	at com.almasb.fxgl.entity.level.tiled.TMXLevelLoader.parse(TMXLevelLoader.kt:225)
	at com.almasb.fxgl.entity.level.tiled.TMXLevelLoader.load(TMXLevelLoader.kt:52)
	at com.almasb.fxgl.app.services.FXGLAssetLoaderService.loadLevel(FXGLAssetLoaderService.kt:430)
	at com.almasb.fxgl.dsl.FXGL$Companion.setLevelFromMap(FXGL.kt:634)
	at com.almasb.fxgl.dsl.FXGL.setLevelFromMap(FXGL.kt)
	at com.robustgames.robustclient.application.RobustApplication.initGame(RobustApplication.java:47)
	at com.almasb.fxgl.app.FXGLApplication$InitAppTask.initGame(FXGLApplication.kt:339)
	at com.almasb.fxgl.app.FXGLApplication$InitAppTask.call(FXGLApplication.kt:319)
	at com.almasb.fxgl.app.FXGLApplication$InitAppTask.call(FXGLApplication.kt:311)
	at javafx.concurrent.Task$TaskCallable.call(Task.java:1426)
	at java.base/java.util.concurrent.FutureTask.run(FutureTask.java:264)
	at java.base/java.util.concurrent.Executors$RunnableAdapter.call(Executors.java:539)
	at java.base/java.util.concurrent.FutureTask.run(FutureTask.java:264)
	at java.base/java.util.concurrent.ThreadPoolExecutor.runWorker(ThreadPoolExecutor.java:1136)
	at java.base/java.util.concurrent.ThreadPoolExecutor$Worker.run(ThreadPoolExecutor.java:635)
	at java.base/java.lang.Thread.run(Thread.java:840)

12:39:46.694 [JavaFX Application Thread] DEBUG LoopRunner           - Stopping loop
12:39:46.694 [JavaFX Application Thread] FATAL FXGLApplication      - Uncaught Exception:
java.lang.RuntimeException: Initialization failed
	at com.almasb.fxgl.app.FXGLApplication$InitAppTask.failed(FXGLApplication.kt:343)
	at javafx.concurrent.Task.setState(Task.java:710)
	at javafx.concurrent.Task$TaskCallable.lambda$call$2(Task.java:1456)
	at com.sun.javafx.application.PlatformImpl.lambda$runLater$10(PlatformImpl.java:457)
	at java.base/java.security.AccessController.doPrivileged(AccessController.java:399)
	at com.sun.javafx.application.PlatformImpl.lambda$runLater$11(PlatformImpl.java:456)
	at com.sun.glass.ui.InvokeLaterDispatcher$Future.run(InvokeLaterDispatcher.java:96)
	at com.sun.glass.ui.gtk.GtkApplication._runLoop(Native Method)
	at com.sun.glass.ui.gtk.GtkApplication.lambda$runLoop$11(GtkApplication.java:290)
	at java.base/java.lang.Thread.run(Thread.java:840)
Caused by: com.almasb.fxgl.entity.level.LevelLoadingException: ParseError at [row,col]:[8,46]
Message: elementGetText() function expects text only elment but START_ELEMENT was encountered.
	at com.almasb.fxgl.entity.level.tiled.TMXLevelLoader.load(TMXLevelLoader.kt:78)
	at com.almasb.fxgl.app.services.FXGLAssetLoaderService.loadLevel(FXGLAssetLoaderService.kt:430)
	at com.almasb.fxgl.dsl.FXGL$Companion.setLevelFromMap(FXGL.kt:634)
	at com.almasb.fxgl.dsl.FXGL.setLevelFromMap(FXGL.kt)
	at com.robustgames.robustclient.application.RobustApplication.initGame(RobustApplication.java:47)
	at com.almasb.fxgl.app.FXGLApplication$InitAppTask.initGame(FXGLApplication.kt:339)
	at com.almasb.fxgl.app.FXGLApplication$InitAppTask.call(FXGLApplication.kt:319)
	at com.almasb.fxgl.app.FXGLApplication$InitAppTask.call(FXGLApplication.kt:311)
	at javafx.concurrent.Task$TaskCallable.call(Task.java:1426)
	at java.base/java.util.concurrent.FutureTask.run(FutureTask.java:264)
	at java.base/java.util.concurrent.Executors$RunnableAdapter.call(Executors.java:539)
	at java.base/java.util.concurrent.FutureTask.run(FutureTask.java:264)
	at java.base/java.util.concurrent.ThreadPoolExecutor.runWorker(ThreadPoolExecutor.java:1136)
	at java.base/java.util.concurrent.ThreadPoolExecutor$Worker.run(ThreadPoolExecutor.java:635)
	... 1 more
Caused by: javax.xml.stream.XMLStreamException: ParseError at [row,col]:[8,46]
Message: elementGetText() function expects text only elment but START_ELEMENT was encountered.
	at java.xml/com.sun.org.apache.xerces.internal.impl.XMLStreamReaderImpl.getElementText(XMLStreamReaderImpl.java:918)
	at java.xml/com.sun.xml.internal.stream.XMLEventReaderImpl.getElementText(XMLEventReaderImpl.java:187)
	at com.almasb.fxgl.entity.level.tiled.TMXLevelLoader.parse(TMXLevelLoader.kt:225)
	at com.almasb.fxgl.entity.level.tiled.TMXLevelLoader.load(TMXLevelLoader.kt:52)
	... 14 more

12:39:46.695 [JavaFX Application Thread] FATAL FXGLApplication      - Application will now exit
12:39:46.705 [JavaFX Application Thread] DEBUG PrimaryStageWindow   - Push state: ErrorSubScene
12:39:46.705 [JavaFX Application Thread] DEBUG Input                - Clearing active input actions
12:39:46.707 [JavaFX Application Thread] DEBUG GameApplicationServi - Removing overlay from FXGLLoadingScene and adding to ErrorSubScene
12:39:46.707 [JavaFX Application Thread] DEBUG PrimaryStageWindow   - FXGLLoadingScene -> ErrorSubScene
12:39:46.808 [FXGL Background Thread 2 ] INFO  UpdaterService       - Your current version:  17.3
12:39:46.808 [FXGL Background Thread 2 ] INFO  UpdaterService       - Latest stable version: 21.1
12:39:49.554 [FXGL Background Thread 3 ] DEBUG Engine               - Logging environment variables
12:39:49.555 [FXGL Background Thread 3 ] DEBUG Engine               - achievements: []
12:39:49.555 [FXGL Background Thread 3 ] DEBUG Engine               - actualHeight: 715.0
12:39:49.555 [FXGL Background Thread 3 ] DEBUG Engine               - actualHeightProperty: ReadOnlyDoubleProperty [value: 715.0]
12:39:49.555 [FXGL Background Thread 3 ] DEBUG Engine               - actualWidth: 1278.0
12:39:49.555 [FXGL Background Thread 3 ] DEBUG Engine               - actualWidthProperty: ReadOnlyDoubleProperty [value: 1278.0]
12:39:49.555 [FXGL Background Thread 3 ] DEBUG Engine               - appIcon: fxgl_icon.png
12:39:49.555 [FXGL Background Thread 3 ] DEBUG Engine               - applicationMode: DEVELOPER
12:39:49.555 [FXGL Background Thread 3 ] DEBUG Engine               - cSSList: [fxgl_dark.css]
12:39:49.555 [FXGL Background Thread 3 ] DEBUG Engine               - collisionDetectionStrategy: BRUTE_FORCE
12:39:49.555 [FXGL Background Thread 3 ] DEBUG Engine               - configClass: Optional.empty
12:39:49.555 [FXGL Background Thread 3 ] DEBUG Engine               - credits: []
12:39:49.556 [FXGL Background Thread 3 ] DEBUG Engine               - defaultCursor: CursorInfo(imageName=fxgl_default_cursor.png, hotspotX=7.0, hotspotY=6.0)
12:39:49.556 [FXGL Background Thread 3 ] DEBUG Engine               - devBBoxColorProperty: ObjectProperty [value: 0xff0000ff]
12:39:49.556 [FXGL Background Thread 3 ] DEBUG Engine               - devEnableDebugCameraProperty: BooleanProperty [value: false]
12:39:49.556 [FXGL Background Thread 3 ] DEBUG Engine               - devSensorColorProperty: ObjectProperty [value: 0xffff00ff]
12:39:49.556 [FXGL Background Thread 3 ] DEBUG Engine               - devShowBBoxProperty: BooleanProperty [value: false]
12:39:49.556 [FXGL Background Thread 3 ] DEBUG Engine               - devShowPositionProperty: BooleanProperty [value: false]
12:39:49.556 [FXGL Background Thread 3 ] DEBUG Engine               - enabledMenuItems: []
12:39:49.556 [FXGL Background Thread 3 ] DEBUG Engine               - engineServices: [class com.almasb.fxgl.app.services.FXGLAssetLoaderService, class com.almasb.fxgl.app.FXGLApplication$GameApplicationService, class com.almasb.fxgl.app.services.FXGLDialogService, class com.almasb.fxgl.app.services.IOTaskExecutorService, class com.almasb.fxgl.io.FileSystemService, class com.almasb.fxgl.localization.LocalizationService, class com.almasb.fxgl.app.services.SystemBundleService, class com.almasb.fxgl.profile.SaveLoadService, class com.almasb.fxgl.ui.FXGLUIFactoryServiceProvider, class com.almasb.fxgl.ui.FXGLDialogFactoryServiceProvider, class com.almasb.fxgl.audio.AudioPlayer, class com.almasb.fxgl.notification.impl.NotificationServiceProvider, class com.almasb.fxgl.achievement.AchievementService, class com.almasb.fxgl.cutscene.CutsceneService, class com.almasb.fxgl.minigames.MiniGameService, class com.almasb.fxgl.net.NetService, class com.almasb.fxgl.app.services.UpdaterService, class com.almasb.fxgl.dev.DevService]
12:39:49.556 [FXGL Background Thread 3 ] DEBUG Engine               - fontGame: Abel-Regular.ttf
12:39:49.556 [FXGL Background Thread 3 ] DEBUG Engine               - fontMono: TerminalLandMono-Regular.otf
12:39:49.556 [FXGL Background Thread 3 ] DEBUG Engine               - fontSizeScaleUI: 1.0
12:39:49.556 [FXGL Background Thread 3 ] DEBUG Engine               - fontText: Courier-Prime.ttf
12:39:49.556 [FXGL Background Thread 3 ] DEBUG Engine               - fontUI: VarelaRound-Regular.ttf
12:39:49.557 [FXGL Background Thread 3 ] DEBUG Engine               - fullScreen: BooleanProperty [value: false]
12:39:49.557 [FXGL Background Thread 3 ] DEBUG Engine               - gameDifficulty: MEDIUM
12:39:49.557 [FXGL Background Thread 3 ] DEBUG Engine               - gameDifficultyProperty: ObjectProperty [value: MEDIUM]
12:39:49.557 [FXGL Background Thread 3 ] DEBUG Engine               - globalMusicVolume: 0.5
12:39:49.557 [FXGL Background Thread 3 ] DEBUG Engine               - globalMusicVolumeProperty: DoubleProperty [value: 0.5]
12:39:49.557 [FXGL Background Thread 3 ] DEBUG Engine               - globalSoundVolume: 0.5
12:39:49.557 [FXGL Background Thread 3 ] DEBUG Engine               - globalSoundVolumeProperty: DoubleProperty [value: 0.5]
12:39:49.557 [FXGL Background Thread 3 ] DEBUG Engine               - height: 720
12:39:49.557 [FXGL Background Thread 3 ] DEBUG Engine               - is3D: false
12:39:49.557 [FXGL Background Thread 3 ] DEBUG Engine               - isAndroid: false
12:39:49.557 [FXGL Background Thread 3 ] DEBUG Engine               - isBrowser: false
12:39:49.557 [FXGL Background Thread 3 ] DEBUG Engine               - isClickFeedbackEnabled: false
12:39:49.557 [FXGL Background Thread 3 ] DEBUG Engine               - isCloseConfirmation: false
12:39:49.557 [FXGL Background Thread 3 ] DEBUG Engine               - isDesktop: true
12:39:49.557 [FXGL Background Thread 3 ] DEBUG Engine               - isDeveloperMenuEnabled: false
12:39:49.557 [FXGL Background Thread 3 ] DEBUG Engine               - isEmbedded: false
12:39:49.557 [FXGL Background Thread 3 ] DEBUG Engine               - isEntityPreloadEnabled: true
12:39:49.557 [FXGL Background Thread 3 ] DEBUG Engine               - isExperimentalTiledLargeMap: false
12:39:49.557 [FXGL Background Thread 3 ] DEBUG Engine               - isFileSystemWriteAllowed: true
12:39:49.557 [FXGL Background Thread 3 ] DEBUG Engine               - isFullScreenAllowed: false
12:39:49.557 [FXGL Background Thread 3 ] DEBUG Engine               - isFullScreenFromStart: false
12:39:49.557 [FXGL Background Thread 3 ] DEBUG Engine               - isGameMenuEnabled: true
12:39:49.557 [FXGL Background Thread 3 ] DEBUG Engine               - isIOS: false
12:39:49.557 [FXGL Background Thread 3 ] DEBUG Engine               - isIntroEnabled: false
12:39:49.557 [FXGL Background Thread 3 ] DEBUG Engine               - isLinux: true
12:39:49.557 [FXGL Background Thread 3 ] DEBUG Engine               - isMac: false
12:39:49.557 [FXGL Background Thread 3 ] DEBUG Engine               - isMainMenuEnabled: false
12:39:49.558 [FXGL Background Thread 3 ] DEBUG Engine               - isManualResizeEnabled: false
12:39:49.558 [FXGL Background Thread 3 ] DEBUG Engine               - isMobile: false
12:39:49.558 [FXGL Background Thread 3 ] DEBUG Engine               - isNative: false
12:39:49.558 [FXGL Background Thread 3 ] DEBUG Engine               - isPauseMusicWhenMinimized: true
12:39:49.558 [FXGL Background Thread 3 ] DEBUG Engine               - isPreserveResizeRatio: false
12:39:49.558 [FXGL Background Thread 3 ] DEBUG Engine               - isProfilingEnabled: false
12:39:49.558 [FXGL Background Thread 3 ] DEBUG Engine               - isScaleAffectedOnResize: true
12:39:49.558 [FXGL Background Thread 3 ] DEBUG Engine               - isSingleStep: false
12:39:49.558 [FXGL Background Thread 3 ] DEBUG Engine               - isUserProfileEnabled: false
12:39:49.558 [FXGL Background Thread 3 ] DEBUG Engine               - isWindows: false
12:39:49.558 [FXGL Background Thread 3 ] DEBUG Engine               - language: ObjectProperty [value: ENGLISH]
12:39:49.558 [FXGL Background Thread 3 ] DEBUG Engine               - menuKey: ESCAPE
12:39:49.558 [FXGL Background Thread 3 ] DEBUG Engine               - mouseSensitivity: 0.2
12:39:49.558 [FXGL Background Thread 3 ] DEBUG Engine               - notificationViewClass: class com.almasb.fxgl.notification.view.XboxNotificationView
12:39:49.558 [FXGL Background Thread 3 ] DEBUG Engine               - pixelsPerMeter: 50.0
12:39:49.558 [FXGL Background Thread 3 ] DEBUG Engine               - platform: LINUX
12:39:49.558 [FXGL Background Thread 3 ] DEBUG Engine               - prefHeightProperty: ReadOnlyDoubleProperty [value: 720.0]
12:39:49.558 [FXGL Background Thread 3 ] DEBUG Engine               - prefWidthProperty: ReadOnlyDoubleProperty [value: 1280.0]
12:39:49.558 [FXGL Background Thread 3 ] DEBUG Engine               - profileDir: profiles/
12:39:49.558 [FXGL Background Thread 3 ] DEBUG Engine               - profileName: StringProperty [value: DEFAULT]
12:39:49.558 [FXGL Background Thread 3 ] DEBUG Engine               - randomSeed: -1
12:39:49.559 [FXGL Background Thread 3 ] DEBUG Engine               - runtimeInfo: RuntimeInfo(platform=LINUX, version=17.3, build=30.03.2023 11.49)
12:39:49.559 [FXGL Background Thread 3 ] DEBUG Engine               - saveFileExt: sav
12:39:49.559 [FXGL Background Thread 3 ] DEBUG Engine               - scaledHeightProp$fxgl: DoubleProperty [bound, value: 715.0]
12:39:49.559 [FXGL Background Thread 3 ] DEBUG Engine               - scaledWidthProp$fxgl: DoubleProperty [bound, value: 1278.0]
12:39:49.559 [FXGL Background Thread 3 ] DEBUG Engine               - sceneFactory: com.almasb.fxgl.app.scene.SceneFactory@173e6f07
12:39:49.559 [FXGL Background Thread 3 ] DEBUG Engine               - secondsIn24h: 60
12:39:49.559 [FXGL Background Thread 3 ] DEBUG Engine               - soundMenuBack: menu/back.wav
12:39:49.559 [FXGL Background Thread 3 ] DEBUG Engine               - soundMenuPress: menu/press.wav
12:39:49.559 [FXGL Background Thread 3 ] DEBUG Engine               - soundMenuSelect: menu/select.wav
12:39:49.559 [FXGL Background Thread 3 ] DEBUG Engine               - soundNotification: core/notification.wav
12:39:49.559 [FXGL Background Thread 3 ] DEBUG Engine               - stageStyle: DECORATED
12:39:49.559 [FXGL Background Thread 3 ] DEBUG Engine               - supportedLanguages: [ENGLISH, FRENCH, GERMAN, HUNGARIAN, RUSSIAN]
12:39:49.559 [FXGL Background Thread 3 ] DEBUG Engine               - ticksPerSecond: -1
12:39:49.559 [FXGL Background Thread 3 ] DEBUG Engine               - title: ROBUST
12:39:49.559 [FXGL Background Thread 3 ] DEBUG Engine               - urlGithub: https://github.com/AlmasB/FXGL
12:39:49.559 [FXGL Background Thread 3 ] DEBUG Engine               - urlLeaderboard: http://fxgl-top.herokuapp.com/
12:39:49.559 [FXGL Background Thread 3 ] DEBUG Engine               - urlPOM: https://raw.githubusercontent.com/AlmasB/FXGL/release/README.md
12:39:49.559 [FXGL Background Thread 3 ] DEBUG Engine               - userAppClass: class com.robustgames.robustclient.application.RobustApplication
12:39:49.559 [FXGL Background Thread 3 ] DEBUG Engine               - version: 0.0
12:39:49.559 [FXGL Background Thread 3 ] DEBUG Engine               - versionCheckDays: 7
12:39:49.559 [FXGL Background Thread 3 ] DEBUG Engine               - width: 1280
12:39:49.559 [FXGL Background Thread 3 ] DEBUG Engine               - Logging services
12:39:49.559 [FXGL Background Thread 3 ] DEBUG Engine               - class com.almasb.fxgl.app.services.FXGLAssetLoaderService
12:39:49.559 [FXGL Background Thread 3 ] DEBUG Engine               - class com.almasb.fxgl.app.FXGLApplication$GameApplicationService
12:39:49.559 [FXGL Background Thread 3 ] DEBUG Engine               - class com.almasb.fxgl.app.services.FXGLDialogService
12:39:49.559 [FXGL Background Thread 3 ] DEBUG Engine               - class com.almasb.fxgl.app.services.IOTaskExecutorService
12:39:49.559 [FXGL Background Thread 3 ] DEBUG Engine               - class com.almasb.fxgl.io.FileSystemService
12:39:49.559 [FXGL Background Thread 3 ] DEBUG Engine               - class com.almasb.fxgl.localization.LocalizationService
12:39:49.559 [FXGL Background Thread 3 ] DEBUG Engine               - class com.almasb.fxgl.app.services.SystemBundleService
12:39:49.559 [FXGL Background Thread 3 ] DEBUG Engine               - class com.almasb.fxgl.profile.SaveLoadService
12:39:49.559 [FXGL Background Thread 3 ] DEBUG Engine               - class com.almasb.fxgl.ui.FXGLUIFactoryServiceProvider
12:39:49.559 [FXGL Background Thread 3 ] DEBUG Engine               - class com.almasb.fxgl.ui.FXGLDialogFactoryServiceProvider
12:39:49.559 [FXGL Background Thread 3 ] DEBUG Engine               - class com.almasb.fxgl.audio.AudioPlayer
12:39:49.560 [FXGL Background Thread 3 ] DEBUG Engine               - class com.almasb.fxgl.notification.impl.NotificationServiceProvider
12:39:49.560 [FXGL Background Thread 3 ] DEBUG Engine               - class com.almasb.fxgl.achievement.AchievementService
12:39:49.560 [FXGL Background Thread 3 ] DEBUG Engine               - class com.almasb.fxgl.cutscene.CutsceneService
12:39:49.560 [FXGL Background Thread 3 ] DEBUG Engine               - class com.almasb.fxgl.minigames.MiniGameService
12:39:49.560 [FXGL Background Thread 3 ] DEBUG Engine               - class com.almasb.fxgl.net.NetService
12:39:49.560 [FXGL Background Thread 3 ] DEBUG Engine               - class com.almasb.fxgl.app.services.UpdaterService
12:39:49.560 [FXGL Background Thread 3 ] DEBUG Engine               - class com.almasb.fxgl.dev.DevService
12:42:42.699 [JavaFX Application Thread] DEBUG FXGLApplication      - Exiting FXGL
12:42:42.700 [JavaFX Application Thread] DEBUG Async                - Shutting down background threads
12:42:42.700 [JavaFX Application Thread] DEBUG PrimaryStageWindow   - Closing main window
12:42:42.704 [JavaFX Application Thread] DEBUG Logger               - Closing Logger
