11:52:21.446 [main                     ] DEBUG Logger               - Configured Logger
11:52:21.465 [main                     ] DEBUG GameApplication      - Logging settings
Title: ROBUST
Version: 0.0
Width: 1280
Height: 720
Fullscreen: false
Intro: false
Profiling: false
Single step:false
App Mode: DEVELOPER
Menu Key: ESCAPE
Stage Style: DECORATED
Scene Factory: class com.almasb.fxgl.app.scene.SceneFactory

11:52:21.827 [JavaFX Application Thread] DEBUG FXGLApplication      - Initializing FXGL
11:52:21.831 [JavaFX Application Thread] INFO  Engine               - FXGL-17.3 (30.03.2023 11.49) on LINUX (J:17.0.15 FX:17.0.6)
11:52:21.831 [JavaFX Application Thread] DEBUG Engine               - JRE Vendor Name: Microsoft
11:52:21.831 [JavaFX Application Thread] DEBUG Engine               - Running on OS: Linux version 6.14.4-arch1-2
11:52:21.832 [JavaFX Application Thread] DEBUG Engine               - Architecture: amd64
11:52:21.832 [JavaFX Application Thread] INFO  Engine               - Source code and latest versions at: https://github.com/AlmasB/FXGL
11:52:21.832 [JavaFX Application Thread] INFO  Engine               -       Ask questions and discuss at: https://github.com/AlmasB/FXGL/discussions
11:52:21.832 [JavaFX Application Thread] INFO  Engine               -              Join the FXGL chat at: https://gitter.im/AlmasB/FXGL
11:52:21.894 [JavaFX Application Thread] DEBUG PrimaryStageWindow   - Creating a JavaFX scene
11:52:21.928 [JavaFX Application Thread] DEBUG PrimaryStageWindow   - Target settings size: 1280.0 x 720.0
11:52:21.928 [JavaFX Application Thread] DEBUG PrimaryStageWindow   - Scaled scene size:    1280.0 x 720.0
11:52:21.929 [JavaFX Application Thread] DEBUG PrimaryStageWindow   - Scaled ratio: (1.0, 1.0)
11:52:21.930 [JavaFX Application Thread] DEBUG PrimaryStageWindow   - Set initial scene to FXGLStartupScene
11:52:21.934 [JavaFX Application Thread] DEBUG PrimaryStageWindow   - Opening main window
11:52:21.959 [JavaFX Application Thread] DEBUG PrimaryStageWindow   - Window border size: (2.0, 29.0)
11:52:21.960 [JavaFX Application Thread] DEBUG PrimaryStageWindow   - Scaled size: 1280.0 x 720.0
11:52:21.960 [JavaFX Application Thread] DEBUG PrimaryStageWindow   - Scaled ratio: (1.0, 1.0)
11:52:21.960 [JavaFX Application Thread] DEBUG PrimaryStageWindow   - Scene size: 1280.0 x 720.0
11:52:21.960 [JavaFX Application Thread] DEBUG PrimaryStageWindow   - Stage size: 1282.0 x 749.0
11:52:21.964 [FXGL Background Thread 1 ] DEBUG Engine               - Initializing environment variables
11:52:21.982 [FXGL Background Thread 1 ] DEBUG FXGLAssetLoaderServi - User app class for loading assets: class com.robustgames.robustclient.application.RobustApplication
11:52:21.982 [FXGL Background Thread 1 ] DEBUG GameApplicationServi - Applying CSS: fxgl_dark.css
11:52:21.983 [FXGL Background Thread 1 ] DEBUG FXGLAssetLoaderServi - Loading from file system: jar:file:/home/ersin/.gradle/caches/modules-2/files-2.1/com.github.almasb/fxgl/17.3/614d2b2607c97fe7b539dfa75036066a8010f74b/fxgl-17.3.jar!/fxglassets/ui/css/fxgl_dark.css
11:52:22.007 [FXGL Background Thread 1 ] DEBUG GameApplicationServi - Initializing application scenes
11:52:22.030 [FXGL Background Thread 1 ] DEBUG GameWorld            - Game world initialized
11:52:22.055 [FXGL Background Thread 1 ] DEBUG PhysicsWorld         - Physics world initialized: appHeight=720, physics.ppm=50,0
11:52:22.055 [FXGL Background Thread 1 ] DEBUG PhysicsWorld         - Using strategy: BRUTE_FORCE
11:52:22.058 [FXGL Background Thread 1 ] DEBUG GameScene            - Game scene initialized: 1280x720
11:52:22.070 [FXGL Background Thread 1 ] DEBUG FXGL.DefaultMenu     - createMenuBodyGameMenu()
11:52:22.079 [FXGL Background Thread 1 ] DEBUG FXGL.DefaultMenu     - createOptionsMenu()
11:52:22.088 [FXGL Background Thread 1 ] DEBUG FXGLAssetLoaderServi - Loading from file system: jar:file:/home/ersin/.gradle/caches/modules-2/files-2.1/com.github.almasb/fxgl/17.3/614d2b2607c97fe7b539dfa75036066a8010f74b/fxgl-17.3.jar!/fxglassets/textures/particles/smoke.png
11:52:22.134 [FXGL Background Thread 1 ] DEBUG FXGLAssetLoaderServi - Loading from file system: jar:file:/home/ersin/.gradle/caches/modules-2/files-2.1/com.github.almasb/fxgl/17.3/614d2b2607c97fe7b539dfa75036066a8010f74b/fxgl-17.3.jar!/fxglassets/textures/particles/trace_horizontal.png
11:52:22.159 [FXGL Background Thread 1 ] DEBUG GameApplicationServi - Application scenes initialized
11:52:22.165 [FXGL Background Thread 1 ] DEBUG SystemBundleService  - Loading FXGL system data
11:52:22.167 [FXGL Background Thread 1 ] DEBUG FileSystemAccess     - Reading from: /home/ersin/Dokumente/robust/system/fxgl.bundle
11:52:22.172 [FXGL Background Thread 1 ] DEBUG SystemBundleService  - Bundle FXGL: {}
11:52:22.172 [FXGL Background Thread 1 ] DEBUG UpdaterService       - Checking for updates
11:52:22.174 [FXGL Background Thread 4 ] DEBUG FXGLApplication      - Loading fonts
11:52:22.174 [FXGL Background Thread 4 ] DEBUG FXGLAssetLoaderServi - Loading from file system: jar:file:/home/ersin/.gradle/caches/modules-2/files-2.1/com.github.almasb/fxgl/17.3/614d2b2607c97fe7b539dfa75036066a8010f74b/fxgl-17.3.jar!/fxglassets/ui/fonts/VarelaRound-Regular.ttf
11:52:22.174 [FXGL Background Thread 1 ] DEBUG FXGLApplication      - Loading default localization
11:52:22.174 [FXGL Background Thread 1 ] DEBUG FXGLAssetLoaderServi - Loading from file system: jar:file:/home/ersin/.gradle/caches/modules-2/files-2.1/com.github.almasb/fxgl/17.3/614d2b2607c97fe7b539dfa75036066a8010f74b/fxgl-17.3.jar!/fxglassets/languages/english.lang
11:52:22.180 [FXGL Background Thread 4 ] DEBUG FXGLAssetLoaderServi - Loading from file system: jar:file:/home/ersin/.gradle/caches/modules-2/files-2.1/com.github.almasb/fxgl/17.3/614d2b2607c97fe7b539dfa75036066a8010f74b/fxgl-17.3.jar!/fxglassets/ui/fonts/Abel-Regular.ttf
11:52:22.182 [FXGL Background Thread 4 ] DEBUG FXGLAssetLoaderServi - Loading from file system: jar:file:/home/ersin/.gradle/caches/modules-2/files-2.1/com.github.almasb/fxgl/17.3/614d2b2607c97fe7b539dfa75036066a8010f74b/fxgl-17.3.jar!/fxglassets/ui/fonts/TerminalLandMono-Regular.otf
11:52:22.183 [FXGL Background Thread 4 ] DEBUG FXGLAssetLoaderServi - Loading from file system: jar:file:/home/ersin/.gradle/caches/modules-2/files-2.1/com.github.almasb/fxgl/17.3/614d2b2607c97fe7b539dfa75036066a8010f74b/fxgl-17.3.jar!/fxglassets/ui/fonts/Courier-Prime.ttf
11:52:22.184 [FXGL Background Thread 1 ] INFO  FXGLApplication      - FXGL initialization took: 0,220 sec
11:52:22.185 [JavaFX Application Thread] DEBUG FXGLAssetLoaderServi - Loading from file system: jar:file:/home/ersin/.gradle/caches/modules-2/files-2.1/com.github.almasb/fxgl/17.3/614d2b2607c97fe7b539dfa75036066a8010f74b/fxgl-17.3.jar!/fxglassets/textures/fxgl_icon.png
11:52:22.202 [JavaFX Application Thread] DEBUG FXGLAssetLoaderServi - Loading from file system: jar:file:/home/ersin/.gradle/caches/modules-2/files-2.1/com.github.almasb/fxgl/17.3/614d2b2607c97fe7b539dfa75036066a8010f74b/fxgl-17.3.jar!/fxglassets/textures/fxgl_default_cursor.png
11:52:22.208 [JavaFX Application Thread] DEBUG Input                - Registered new binding: Screenshot - CTRL+8
11:52:22.208 [JavaFX Application Thread] DEBUG Input                - Registered new binding: System info dump - CTRL+9
11:52:22.208 [JavaFX Application Thread] DEBUG Input                - Registered new binding: Restart - CTRL+R
11:52:22.208 [JavaFX Application Thread] DEBUG Input                - Registered new binding: Toggle Debug Camera - CTRL+7
11:52:22.210 [JavaFX Application Thread] DEBUG LoopRunner           - Starting loop
11:52:22.210 [JavaFX Application Thread] DEBUG LoopRunner           - Initializing JavaFX AnimationTimerLoop
11:52:22.211 [JavaFX Application Thread] DEBUG GameApplicationServi - Starting new game
11:52:22.211 [JavaFX Application Thread] DEBUG Input                - Clearing active input actions
11:52:22.219 [JavaFX Application Thread] DEBUG GameApplicationServi - Removing overlay from FXGLStartupScene and adding to FXGLLoadingScene
11:52:22.220 [JavaFX Application Thread] DEBUG PrimaryStageWindow   - FXGLStartupScene -> FXGLLoadingScene
11:52:22.220 [JavaFX Application Thread] DEBUG GameApplicationServi - Clearing previous game
11:52:22.220 [JavaFX Application Thread] DEBUG GameScene            - Clearing game scene
11:52:22.220 [JavaFX Application Thread] DEBUG GameWorld            - Clearing game world
11:52:22.220 [JavaFX Application Thread] DEBUG PhysicsWorld         - Clearing physics world
11:52:22.221 [JavaFX Application Thread] DEBUG FXGLApplication      - Registering font factories with UI factory
11:52:22.221 [FXGL Background Thread 4 ] DEBUG FXGLApplication      - Initializing game
11:52:22.251 [FXGL Background Thread 4 ] WARN  TMXLevelLoader       - TiledMap generated from 1.11.2. Supported version: 1.9.0. Some features may not be parsed fully.
11:52:22.260 [FXGL Background Thread 4 ] DEBUG TMXLevelLoader       - Parsed TiledMap: file:/home/ersin/Dokumente/robust/robustClient/build/resources/main/assets/levels/map1.tmx
11:52:22.261 [FXGL Background Thread 4 ] DEBUG TMXLevelLoader       - Creating tile layer entities
11:52:22.262 [FXGL Background Thread 4 ] DEBUG TilesetLoader        - Loading isometric view for layer Tile Layer 1
11:52:22.263 [FXGL Background Thread 4 ] DEBUG TilesetLoader        - Created buffer with size 1040.0x528.0
11:52:22.265 [FXGL Background Thread 4 ] WARN  TMXLevelLoader       - Parse error
java.lang.IllegalArgumentException: Tileset for gid=145 not found
	at com.almasb.fxgl.entity.level.tiled.TilesetLoader.findTileset(TilesetLoader.kt:413)
	at com.almasb.fxgl.entity.level.tiled.TilesetLoader.loadViewIsometric(TilesetLoader.kt:338)
	at com.almasb.fxgl.entity.level.tiled.TMXLevelLoader$createTileLayerEntities$1.invoke(TMXLevelLoader.kt:108)
	at com.almasb.fxgl.entity.level.tiled.TMXLevelLoader$createTileLayerEntities$1.invoke(TMXLevelLoader.kt:89)
	at com.almasb.fxgl.entity.level.tiled.TMXLevelLoader.createTileLayerEntities$lambda$3(TMXLevelLoader.kt:89)
	at java.base/java.util.stream.ReferencePipeline$3$1.accept(ReferencePipeline.java:197)
	at java.base/java.util.ArrayList$ArrayListSpliterator.forEachRemaining(ArrayList.java:1625)
	at java.base/java.util.stream.AbstractPipeline.copyInto(AbstractPipeline.java:509)
	at java.base/java.util.stream.AbstractPipeline.wrapAndCopyInto(AbstractPipeline.java:499)
	at java.base/java.util.stream.ReduceOps$ReduceOp.evaluateSequential(ReduceOps.java:921)
	at java.base/java.util.stream.AbstractPipeline.evaluate(AbstractPipeline.java:234)
	at java.base/java.util.stream.ReferencePipeline.collect(ReferencePipeline.java:682)
	at com.almasb.fxgl.entity.level.tiled.TMXLevelLoader.createTileLayerEntities(TMXLevelLoader.kt:117)
	at com.almasb.fxgl.entity.level.tiled.TMXLevelLoader.load(TMXLevelLoader.kt:58)
	at com.almasb.fxgl.app.services.FXGLAssetLoaderService.loadLevel(FXGLAssetLoaderService.kt:430)
	at com.almasb.fxgl.dsl.FXGL$Companion.setLevelFromMap(FXGL.kt:634)
	at com.almasb.fxgl.dsl.FXGL.setLevelFromMap(FXGL.kt)
	at com.robustgames.robustclient.application.RobustApplication.initGame(RobustApplication.java:47)
	at com.almasb.fxgl.app.FXGLApplication$InitAppTask.initGame(FXGLApplication.kt:339)
	at com.almasb.fxgl.app.FXGLApplication$InitAppTask.call(FXGLApplication.kt:319)
	at com.almasb.fxgl.app.FXGLApplication$InitAppTask.call(FXGLApplication.kt:311)
	at javafx.concurrent.Task$TaskCallable.call(Task.java:1426)
	at java.base/java.util.concurrent.FutureTask.run(FutureTask.java:264)
	at java.base/java.util.concurrent.Executors$RunnableAdapter.call(Executors.java:539)
	at java.base/java.util.concurrent.FutureTask.run(FutureTask.java:264)
	at java.base/java.util.concurrent.ThreadPoolExecutor.runWorker(ThreadPoolExecutor.java:1136)
	at java.base/java.util.concurrent.ThreadPoolExecutor$Worker.run(ThreadPoolExecutor.java:635)
	at java.base/java.lang.Thread.run(Thread.java:840)

11:52:22.299 [JavaFX Application Thread] DEBUG LoopRunner           - Stopping loop
11:52:22.300 [JavaFX Application Thread] FATAL FXGLApplication      - Uncaught Exception:
java.lang.RuntimeException: Initialization failed
	at com.almasb.fxgl.app.FXGLApplication$InitAppTask.failed(FXGLApplication.kt:343)
	at javafx.concurrent.Task.setState(Task.java:710)
	at javafx.concurrent.Task$TaskCallable.lambda$call$2(Task.java:1456)
	at com.sun.javafx.application.PlatformImpl.lambda$runLater$10(PlatformImpl.java:457)
	at java.base/java.security.AccessController.doPrivileged(AccessController.java:399)
	at com.sun.javafx.application.PlatformImpl.lambda$runLater$11(PlatformImpl.java:456)
	at com.sun.glass.ui.InvokeLaterDispatcher$Future.run(InvokeLaterDispatcher.java:96)
	at com.sun.glass.ui.gtk.GtkApplication._runLoop(Native Method)
	at com.sun.glass.ui.gtk.GtkApplication.lambda$runLoop$11(GtkApplication.java:290)
	at java.base/java.lang.Thread.run(Thread.java:840)
Caused by: com.almasb.fxgl.entity.level.LevelLoadingException: Tileset for gid=145 not found
	at com.almasb.fxgl.entity.level.tiled.TMXLevelLoader.load(TMXLevelLoader.kt:78)
	at com.almasb.fxgl.app.services.FXGLAssetLoaderService.loadLevel(FXGLAssetLoaderService.kt:430)
	at com.almasb.fxgl.dsl.FXGL$Companion.setLevelFromMap(FXGL.kt:634)
	at com.almasb.fxgl.dsl.FXGL.setLevelFromMap(FXGL.kt)
	at com.robustgames.robustclient.application.RobustApplication.initGame(RobustApplication.java:47)
	at com.almasb.fxgl.app.FXGLApplication$InitAppTask.initGame(FXGLApplication.kt:339)
	at com.almasb.fxgl.app.FXGLApplication$InitAppTask.call(FXGLApplication.kt:319)
	at com.almasb.fxgl.app.FXGLApplication$InitAppTask.call(FXGLApplication.kt:311)
	at javafx.concurrent.Task$TaskCallable.call(Task.java:1426)
	at java.base/java.util.concurrent.FutureTask.run(FutureTask.java:264)
	at java.base/java.util.concurrent.Executors$RunnableAdapter.call(Executors.java:539)
	at java.base/java.util.concurrent.FutureTask.run(FutureTask.java:264)
	at java.base/java.util.concurrent.ThreadPoolExecutor.runWorker(ThreadPoolExecutor.java:1136)
	at java.base/java.util.concurrent.ThreadPoolExecutor$Worker.run(ThreadPoolExecutor.java:635)
	... 1 more
Caused by: java.lang.IllegalArgumentException: Tileset for gid=145 not found
	at com.almasb.fxgl.entity.level.tiled.TilesetLoader.findTileset(TilesetLoader.kt:413)
	at com.almasb.fxgl.entity.level.tiled.TilesetLoader.loadViewIsometric(TilesetLoader.kt:338)
	at com.almasb.fxgl.entity.level.tiled.TMXLevelLoader$createTileLayerEntities$1.invoke(TMXLevelLoader.kt:108)
	at com.almasb.fxgl.entity.level.tiled.TMXLevelLoader$createTileLayerEntities$1.invoke(TMXLevelLoader.kt:89)
	at com.almasb.fxgl.entity.level.tiled.TMXLevelLoader.createTileLayerEntities$lambda$3(TMXLevelLoader.kt:89)
	at java.base/java.util.stream.ReferencePipeline$3$1.accept(ReferencePipeline.java:197)
	at java.base/java.util.ArrayList$ArrayListSpliterator.forEachRemaining(ArrayList.java:1625)
	at java.base/java.util.stream.AbstractPipeline.copyInto(AbstractPipeline.java:509)
	at java.base/java.util.stream.AbstractPipeline.wrapAndCopyInto(AbstractPipeline.java:499)
	at java.base/java.util.stream.ReduceOps$ReduceOp.evaluateSequential(ReduceOps.java:921)
	at java.base/java.util.stream.AbstractPipeline.evaluate(AbstractPipeline.java:234)
	at java.base/java.util.stream.ReferencePipeline.collect(ReferencePipeline.java:682)
	at com.almasb.fxgl.entity.level.tiled.TMXLevelLoader.createTileLayerEntities(TMXLevelLoader.kt:117)
	at com.almasb.fxgl.entity.level.tiled.TMXLevelLoader.load(TMXLevelLoader.kt:58)
	... 14 more

11:52:22.300 [JavaFX Application Thread] FATAL FXGLApplication      - Application will now exit
11:52:22.317 [JavaFX Application Thread] DEBUG PrimaryStageWindow   - Push state: ErrorSubScene
11:52:22.318 [JavaFX Application Thread] DEBUG Input                - Clearing active input actions
11:52:22.321 [JavaFX Application Thread] DEBUG GameApplicationServi - Removing overlay from FXGLLoadingScene and adding to ErrorSubScene
11:52:22.322 [JavaFX Application Thread] DEBUG PrimaryStageWindow   - FXGLLoadingScene -> ErrorSubScene
11:52:22.440 [FXGL Background Thread 2 ] INFO  UpdaterService       - Your current version:  17.3
11:52:22.440 [FXGL Background Thread 2 ] INFO  UpdaterService       - Latest stable version: 21.1
11:52:25.173 [FXGL Background Thread 3 ] DEBUG Engine               - Logging environment variables
11:52:25.174 [FXGL Background Thread 3 ] DEBUG Engine               - achievements: []
11:52:25.174 [FXGL Background Thread 3 ] DEBUG Engine               - actualHeight: 715.0
11:52:25.174 [FXGL Background Thread 3 ] DEBUG Engine               - actualHeightProperty: ReadOnlyDoubleProperty [value: 715.0]
11:52:25.174 [FXGL Background Thread 3 ] DEBUG Engine               - actualWidth: 1278.0
11:52:25.174 [FXGL Background Thread 3 ] DEBUG Engine               - actualWidthProperty: ReadOnlyDoubleProperty [value: 1278.0]
11:52:25.174 [FXGL Background Thread 3 ] DEBUG Engine               - appIcon: fxgl_icon.png
11:52:25.174 [FXGL Background Thread 3 ] DEBUG Engine               - applicationMode: DEVELOPER
11:52:25.174 [FXGL Background Thread 3 ] DEBUG Engine               - cSSList: [fxgl_dark.css]
11:52:25.174 [FXGL Background Thread 3 ] DEBUG Engine               - collisionDetectionStrategy: BRUTE_FORCE
11:52:25.175 [FXGL Background Thread 3 ] DEBUG Engine               - configClass: Optional.empty
11:52:25.175 [FXGL Background Thread 3 ] DEBUG Engine               - credits: []
11:52:25.175 [FXGL Background Thread 3 ] DEBUG Engine               - defaultCursor: CursorInfo(imageName=fxgl_default_cursor.png, hotspotX=7.0, hotspotY=6.0)
11:52:25.175 [FXGL Background Thread 3 ] DEBUG Engine               - devBBoxColorProperty: ObjectProperty [value: 0xff0000ff]
11:52:25.175 [FXGL Background Thread 3 ] DEBUG Engine               - devEnableDebugCameraProperty: BooleanProperty [value: false]
11:52:25.175 [FXGL Background Thread 3 ] DEBUG Engine               - devSensorColorProperty: ObjectProperty [value: 0xffff00ff]
11:52:25.175 [FXGL Background Thread 3 ] DEBUG Engine               - devShowBBoxProperty: BooleanProperty [value: false]
11:52:25.175 [FXGL Background Thread 3 ] DEBUG Engine               - devShowPositionProperty: BooleanProperty [value: false]
11:52:25.175 [FXGL Background Thread 3 ] DEBUG Engine               - enabledMenuItems: []
11:52:25.175 [FXGL Background Thread 3 ] DEBUG Engine               - engineServices: [class com.almasb.fxgl.app.services.FXGLAssetLoaderService, class com.almasb.fxgl.app.FXGLApplication$GameApplicationService, class com.almasb.fxgl.app.services.FXGLDialogService, class com.almasb.fxgl.app.services.IOTaskExecutorService, class com.almasb.fxgl.io.FileSystemService, class com.almasb.fxgl.localization.LocalizationService, class com.almasb.fxgl.app.services.SystemBundleService, class com.almasb.fxgl.profile.SaveLoadService, class com.almasb.fxgl.ui.FXGLUIFactoryServiceProvider, class com.almasb.fxgl.ui.FXGLDialogFactoryServiceProvider, class com.almasb.fxgl.audio.AudioPlayer, class com.almasb.fxgl.notification.impl.NotificationServiceProvider, class com.almasb.fxgl.achievement.AchievementService, class com.almasb.fxgl.cutscene.CutsceneService, class com.almasb.fxgl.minigames.MiniGameService, class com.almasb.fxgl.net.NetService, class com.almasb.fxgl.app.services.UpdaterService, class com.almasb.fxgl.dev.DevService]
11:52:25.175 [FXGL Background Thread 3 ] DEBUG Engine               - fontGame: Abel-Regular.ttf
11:52:25.175 [FXGL Background Thread 3 ] DEBUG Engine               - fontMono: TerminalLandMono-Regular.otf
11:52:25.175 [FXGL Background Thread 3 ] DEBUG Engine               - fontSizeScaleUI: 1.0
11:52:25.175 [FXGL Background Thread 3 ] DEBUG Engine               - fontText: Courier-Prime.ttf
11:52:25.175 [FXGL Background Thread 3 ] DEBUG Engine               - fontUI: VarelaRound-Regular.ttf
11:52:25.175 [FXGL Background Thread 3 ] DEBUG Engine               - fullScreen: BooleanProperty [value: false]
11:52:25.176 [FXGL Background Thread 3 ] DEBUG Engine               - gameDifficulty: MEDIUM
11:52:25.176 [FXGL Background Thread 3 ] DEBUG Engine               - gameDifficultyProperty: ObjectProperty [value: MEDIUM]
11:52:25.176 [FXGL Background Thread 3 ] DEBUG Engine               - globalMusicVolume: 0.5
11:52:25.176 [FXGL Background Thread 3 ] DEBUG Engine               - globalMusicVolumeProperty: DoubleProperty [value: 0.5]
11:52:25.176 [FXGL Background Thread 3 ] DEBUG Engine               - globalSoundVolume: 0.5
11:52:25.176 [FXGL Background Thread 3 ] DEBUG Engine               - globalSoundVolumeProperty: DoubleProperty [value: 0.5]
11:52:25.176 [FXGL Background Thread 3 ] DEBUG Engine               - height: 720
11:52:25.176 [FXGL Background Thread 3 ] DEBUG Engine               - is3D: false
11:52:25.176 [FXGL Background Thread 3 ] DEBUG Engine               - isAndroid: false
11:52:25.176 [FXGL Background Thread 3 ] DEBUG Engine               - isBrowser: false
11:52:25.176 [FXGL Background Thread 3 ] DEBUG Engine               - isClickFeedbackEnabled: false
11:52:25.176 [FXGL Background Thread 3 ] DEBUG Engine               - isCloseConfirmation: false
11:52:25.176 [FXGL Background Thread 3 ] DEBUG Engine               - isDesktop: true
11:52:25.176 [FXGL Background Thread 3 ] DEBUG Engine               - isDeveloperMenuEnabled: false
11:52:25.176 [FXGL Background Thread 3 ] DEBUG Engine               - isEmbedded: false
11:52:25.176 [FXGL Background Thread 3 ] DEBUG Engine               - isEntityPreloadEnabled: true
11:52:25.176 [FXGL Background Thread 3 ] DEBUG Engine               - isExperimentalTiledLargeMap: false
11:52:25.176 [FXGL Background Thread 3 ] DEBUG Engine               - isFileSystemWriteAllowed: true
11:52:25.176 [FXGL Background Thread 3 ] DEBUG Engine               - isFullScreenAllowed: false
11:52:25.176 [FXGL Background Thread 3 ] DEBUG Engine               - isFullScreenFromStart: false
11:52:25.176 [FXGL Background Thread 3 ] DEBUG Engine               - isGameMenuEnabled: true
11:52:25.176 [FXGL Background Thread 3 ] DEBUG Engine               - isIOS: false
11:52:25.177 [FXGL Background Thread 3 ] DEBUG Engine               - isIntroEnabled: false
11:52:25.177 [FXGL Background Thread 3 ] DEBUG Engine               - isLinux: true
11:52:25.177 [FXGL Background Thread 3 ] DEBUG Engine               - isMac: false
11:52:25.177 [FXGL Background Thread 3 ] DEBUG Engine               - isMainMenuEnabled: false
11:52:25.177 [FXGL Background Thread 3 ] DEBUG Engine               - isManualResizeEnabled: false
11:52:25.177 [FXGL Background Thread 3 ] DEBUG Engine               - isMobile: false
11:52:25.177 [FXGL Background Thread 3 ] DEBUG Engine               - isNative: false
11:52:25.177 [FXGL Background Thread 3 ] DEBUG Engine               - isPauseMusicWhenMinimized: true
11:52:25.177 [FXGL Background Thread 3 ] DEBUG Engine               - isPreserveResizeRatio: false
11:52:25.177 [FXGL Background Thread 3 ] DEBUG Engine               - isProfilingEnabled: false
11:52:25.177 [FXGL Background Thread 3 ] DEBUG Engine               - isScaleAffectedOnResize: true
11:52:25.177 [FXGL Background Thread 3 ] DEBUG Engine               - isSingleStep: false
11:52:25.177 [FXGL Background Thread 3 ] DEBUG Engine               - isUserProfileEnabled: false
11:52:25.177 [FXGL Background Thread 3 ] DEBUG Engine               - isWindows: false
11:52:25.177 [FXGL Background Thread 3 ] DEBUG Engine               - language: ObjectProperty [value: ENGLISH]
11:52:25.177 [FXGL Background Thread 3 ] DEBUG Engine               - menuKey: ESCAPE
11:52:25.177 [FXGL Background Thread 3 ] DEBUG Engine               - mouseSensitivity: 0.2
11:52:25.177 [FXGL Background Thread 3 ] DEBUG Engine               - notificationViewClass: class com.almasb.fxgl.notification.view.XboxNotificationView
11:52:25.177 [FXGL Background Thread 3 ] DEBUG Engine               - pixelsPerMeter: 50.0
11:52:25.177 [FXGL Background Thread 3 ] DEBUG Engine               - platform: LINUX
11:52:25.177 [FXGL Background Thread 3 ] DEBUG Engine               - prefHeightProperty: ReadOnlyDoubleProperty [value: 720.0]
11:52:25.177 [FXGL Background Thread 3 ] DEBUG Engine               - prefWidthProperty: ReadOnlyDoubleProperty [value: 1280.0]
11:52:25.177 [FXGL Background Thread 3 ] DEBUG Engine               - profileDir: profiles/
11:52:25.177 [FXGL Background Thread 3 ] DEBUG Engine               - profileName: StringProperty [value: DEFAULT]
11:52:25.177 [FXGL Background Thread 3 ] DEBUG Engine               - randomSeed: -1
11:52:25.177 [FXGL Background Thread 3 ] DEBUG Engine               - runtimeInfo: RuntimeInfo(platform=LINUX, version=17.3, build=30.03.2023 11.49)
11:52:25.177 [FXGL Background Thread 3 ] DEBUG Engine               - saveFileExt: sav
11:52:25.177 [FXGL Background Thread 3 ] DEBUG Engine               - scaledHeightProp$fxgl: DoubleProperty [bound, value: 715.0]
11:52:25.178 [FXGL Background Thread 3 ] DEBUG Engine               - scaledWidthProp$fxgl: DoubleProperty [bound, value: 1278.0]
11:52:25.178 [FXGL Background Thread 3 ] DEBUG Engine               - sceneFactory: com.almasb.fxgl.app.scene.SceneFactory@6b94c0
11:52:25.178 [FXGL Background Thread 3 ] DEBUG Engine               - secondsIn24h: 60
11:52:25.178 [FXGL Background Thread 3 ] DEBUG Engine               - soundMenuBack: menu/back.wav
11:52:25.178 [FXGL Background Thread 3 ] DEBUG Engine               - soundMenuPress: menu/press.wav
11:52:25.178 [FXGL Background Thread 3 ] DEBUG Engine               - soundMenuSelect: menu/select.wav
11:52:25.178 [FXGL Background Thread 3 ] DEBUG Engine               - soundNotification: core/notification.wav
11:52:25.178 [FXGL Background Thread 3 ] DEBUG Engine               - stageStyle: DECORATED
11:52:25.178 [FXGL Background Thread 3 ] DEBUG Engine               - supportedLanguages: [ENGLISH, FRENCH, GERMAN, HUNGARIAN, RUSSIAN]
11:52:25.178 [FXGL Background Thread 3 ] DEBUG Engine               - ticksPerSecond: -1
11:52:25.178 [FXGL Background Thread 3 ] DEBUG Engine               - title: ROBUST
11:52:25.178 [FXGL Background Thread 3 ] DEBUG Engine               - urlGithub: https://github.com/AlmasB/FXGL
11:52:25.178 [FXGL Background Thread 3 ] DEBUG Engine               - urlLeaderboard: http://fxgl-top.herokuapp.com/
11:52:25.178 [FXGL Background Thread 3 ] DEBUG Engine               - urlPOM: https://raw.githubusercontent.com/AlmasB/FXGL/release/README.md
11:52:25.178 [FXGL Background Thread 3 ] DEBUG Engine               - userAppClass: class com.robustgames.robustclient.application.RobustApplication
11:52:25.178 [FXGL Background Thread 3 ] DEBUG Engine               - version: 0.0
11:52:25.178 [FXGL Background Thread 3 ] DEBUG Engine               - versionCheckDays: 7
11:52:25.178 [FXGL Background Thread 3 ] DEBUG Engine               - width: 1280
11:52:25.178 [FXGL Background Thread 3 ] DEBUG Engine               - Logging services
11:52:25.178 [FXGL Background Thread 3 ] DEBUG Engine               - class com.almasb.fxgl.app.services.FXGLAssetLoaderService
11:52:25.178 [FXGL Background Thread 3 ] DEBUG Engine               - class com.almasb.fxgl.app.FXGLApplication$GameApplicationService
11:52:25.178 [FXGL Background Thread 3 ] DEBUG Engine               - class com.almasb.fxgl.app.services.FXGLDialogService
11:52:25.178 [FXGL Background Thread 3 ] DEBUG Engine               - class com.almasb.fxgl.app.services.IOTaskExecutorService
11:52:25.178 [FXGL Background Thread 3 ] DEBUG Engine               - class com.almasb.fxgl.io.FileSystemService
11:52:25.178 [FXGL Background Thread 3 ] DEBUG Engine               - class com.almasb.fxgl.localization.LocalizationService
11:52:25.178 [FXGL Background Thread 3 ] DEBUG Engine               - class com.almasb.fxgl.app.services.SystemBundleService
11:52:25.178 [FXGL Background Thread 3 ] DEBUG Engine               - class com.almasb.fxgl.profile.SaveLoadService
11:52:25.178 [FXGL Background Thread 3 ] DEBUG Engine               - class com.almasb.fxgl.ui.FXGLUIFactoryServiceProvider
11:52:25.178 [FXGL Background Thread 3 ] DEBUG Engine               - class com.almasb.fxgl.ui.FXGLDialogFactoryServiceProvider
11:52:25.178 [FXGL Background Thread 3 ] DEBUG Engine               - class com.almasb.fxgl.audio.AudioPlayer
11:52:25.178 [FXGL Background Thread 3 ] DEBUG Engine               - class com.almasb.fxgl.notification.impl.NotificationServiceProvider
11:52:25.178 [FXGL Background Thread 3 ] DEBUG Engine               - class com.almasb.fxgl.achievement.AchievementService
11:52:25.178 [FXGL Background Thread 3 ] DEBUG Engine               - class com.almasb.fxgl.cutscene.CutsceneService
11:52:25.178 [FXGL Background Thread 3 ] DEBUG Engine               - class com.almasb.fxgl.minigames.MiniGameService
11:52:25.178 [FXGL Background Thread 3 ] DEBUG Engine               - class com.almasb.fxgl.net.NetService
11:52:25.178 [FXGL Background Thread 3 ] DEBUG Engine               - class com.almasb.fxgl.app.services.UpdaterService
11:52:25.179 [FXGL Background Thread 3 ] DEBUG Engine               - class com.almasb.fxgl.dev.DevService
11:52:28.520 [JavaFX Application Thread] DEBUG FXGLApplication      - Exiting FXGL
11:52:28.520 [JavaFX Application Thread] DEBUG Async                - Shutting down background threads
11:52:28.520 [JavaFX Application Thread] DEBUG PrimaryStageWindow   - Closing main window
11:52:28.521 [JavaFX Application Thread] DEBUG Logger               - Closing Logger
